TN:
SF:app\_layout.tsx
FN:17,RootLayout
FN:29,(anonymous_1)
FN:33,(anonymous_2)
FNF:3
FNH:0
FNDA:0,RootLayout
FNDA:0,(anonymous_1)
FNDA:0,(anonymous_2)
DA:12,0
DA:15,0
DA:18,0
DA:19,0
DA:20,0
DA:22,0
DA:29,0
DA:30,0
DA:33,0
DA:34,0
DA:35,0
DA:39,0
DA:40,0
DA:43,0
LF:14
LH:0
BRDA:34,0,0,0
BRDA:34,0,1,0
BRDA:39,1,0,0
BRDA:39,1,1,0
BRF:4
BRH:0
end_of_record
TN:
SF:app\editor.tsx
FN:69,EditorScreen
FN:106,(anonymous_1)
FN:111,(anonymous_2)
FN:116,(anonymous_3)
FN:122,(anonymous_4)
FN:144,(anonymous_5)
FN:155,(anonymous_6)
FN:168,(anonymous_7)
FN:175,(anonymous_8)
FN:180,(anonymous_9)
FN:187,(anonymous_10)
FN:192,(anonymous_11)
FN:207,(anonymous_12)
FN:213,(anonymous_13)
FN:237,(anonymous_14)
FN:283,(anonymous_15)
FN:330,(anonymous_16)
FN:366,(anonymous_17)
FN:396,(anonymous_18)
FN:399,(anonymous_19)
FN:415,(anonymous_20)
FN:425,(anonymous_21)
FN:433,(anonymous_22)
FN:453,(anonymous_23)
FN:475,(anonymous_24)
FN:489,(anonymous_25)
FN:503,(anonymous_26)
FN:507,(anonymous_27)
FN:519,(anonymous_28)
FN:523,(anonymous_29)
FN:543,(anonymous_30)
FN:567,(anonymous_31)
FN:577,(anonymous_32)
FN:585,(anonymous_33)
FN:596,(anonymous_34)
FN:603,(anonymous_35)
FN:625,(anonymous_36)
FN:648,(anonymous_37)
FN:659,(anonymous_38)
FN:672,(anonymous_39)
FN:683,(anonymous_40)
FN:701,(anonymous_41)
FN:716,(anonymous_42)
FN:738,(anonymous_43)
FN:767,(anonymous_44)
FN:789,(anonymous_45)
FN:800,(anonymous_46)
FN:835,(anonymous_47)
FN:885,(anonymous_48)
FNF:49
FNH:0
FNDA:0,EditorScreen
FNDA:0,(anonymous_1)
FNDA:0,(anonymous_2)
FNDA:0,(anonymous_3)
FNDA:0,(anonymous_4)
FNDA:0,(anonymous_5)
FNDA:0,(anonymous_6)
FNDA:0,(anonymous_7)
FNDA:0,(anonymous_8)
FNDA:0,(anonymous_9)
FNDA:0,(anonymous_10)
FNDA:0,(anonymous_11)
FNDA:0,(anonymous_12)
FNDA:0,(anonymous_13)
FNDA:0,(anonymous_14)
FNDA:0,(anonymous_15)
FNDA:0,(anonymous_16)
FNDA:0,(anonymous_17)
FNDA:0,(anonymous_18)
FNDA:0,(anonymous_19)
FNDA:0,(anonymous_20)
FNDA:0,(anonymous_21)
FNDA:0,(anonymous_22)
FNDA:0,(anonymous_23)
FNDA:0,(anonymous_24)
FNDA:0,(anonymous_25)
FNDA:0,(anonymous_26)
FNDA:0,(anonymous_27)
FNDA:0,(anonymous_28)
FNDA:0,(anonymous_29)
FNDA:0,(anonymous_30)
FNDA:0,(anonymous_31)
FNDA:0,(anonymous_32)
FNDA:0,(anonymous_33)
FNDA:0,(anonymous_34)
FNDA:0,(anonymous_35)
FNDA:0,(anonymous_36)
FNDA:0,(anonymous_37)
FNDA:0,(anonymous_38)
FNDA:0,(anonymous_39)
FNDA:0,(anonymous_40)
FNDA:0,(anonymous_41)
FNDA:0,(anonymous_42)
FNDA:0,(anonymous_43)
FNDA:0,(anonymous_44)
FNDA:0,(anonymous_45)
FNDA:0,(anonymous_46)
FNDA:0,(anonymous_47)
FNDA:0,(anonymous_48)
DA:28,0
DA:44,0
DA:53,0
DA:60,0
DA:70,0
DA:71,0
DA:72,0
DA:73,0
DA:74,0
DA:75,0
DA:78,0
DA:79,0
DA:80,0
DA:81,0
DA:82,0
DA:85,0
DA:86,0
DA:87,0
DA:88,0
DA:89,0
DA:90,0
DA:91,0
DA:94,0
DA:95,0
DA:96,0
DA:99,0
DA:100,0
DA:101,0
DA:103,0
DA:104,0
DA:106,0
DA:107,0
DA:108,0
DA:109,0
DA:110,0
DA:111,0
DA:116,0
DA:117,0
DA:118,0
DA:120,0
DA:123,0
DA:124,0
DA:126,0
DA:133,0
DA:134,0
DA:135,0
DA:136,0
DA:137,0
DA:138,0
DA:139,0
DA:142,0
DA:145,0
DA:146,0
DA:150,0
DA:151,0
DA:155,0
DA:156,0
DA:163,0
DA:164,0
DA:165,0
DA:168,0
DA:169,0
DA:170,0
DA:171,0
DA:172,0
DA:175,0
DA:176,0
DA:180,0
DA:181,0
DA:182,0
DA:183,0
DA:184,0
DA:187,0
DA:188,0
DA:192,0
DA:193,0
DA:195,0
DA:196,0
DA:198,0
DA:199,0
DA:200,0
DA:202,0
DA:203,0
DA:207,0
DA:208,0
DA:209,0
DA:210,0
DA:213,0
DA:214,0
DA:215,0
DA:216,0
DA:217,0
DA:221,0
DA:222,0
DA:223,0
DA:225,0
DA:226,0
DA:229,0
DA:230,0
DA:231,0
DA:232,0
DA:234,0
DA:237,0
DA:238,0
DA:239,0
DA:240,0
DA:243,0
DA:244,0
DA:246,0
DA:247,0
DA:250,0
DA:254,0
DA:263,0
DA:264,0
DA:265,0
DA:267,0
DA:268,0
DA:271,0
DA:276,0
DA:277,0
DA:279,0
DA:283,0
DA:284,0
DA:286,0
DA:287,0
DA:289,0
DA:290,0
DA:301,0
DA:310,0
DA:311,0
DA:312,0
DA:314,0
DA:315,0
DA:318,0
DA:323,0
DA:324,0
DA:326,0
DA:330,0
DA:331,0
DA:333,0
DA:334,0
DA:336,0
DA:337,0
DA:346,0
DA:347,0
DA:348,0
DA:350,0
DA:351,0
DA:354,0
DA:359,0
DA:360,0
DA:362,0
DA:366,0
DA:367,0
DA:369,0
DA:370,0
DA:371,0
DA:372,0
DA:373,0
DA:374,0
DA:377,0
DA:378,0
DA:381,0
DA:382,0
DA:384,0
DA:385,0
DA:386,0
DA:387,0
DA:388,0
DA:391,0
DA:392,0
DA:396,0
DA:397,0
DA:400,0
DA:401,0
DA:415,0
DA:416,0
DA:425,0
DA:433,0
DA:454,0
DA:455,0
DA:476,0
DA:477,0
DA:490,0
DA:491,0
DA:504,0
DA:507,0
DA:520,0
DA:523,0
DA:544,0
DA:545,0
DA:567,0
DA:568,0
DA:577,0
DA:585,0
DA:597,0
DA:603,0
DA:626,0
DA:627,0
DA:648,0
DA:659,0
DA:672,0
DA:683,0
DA:701,0
DA:702,0
DA:716,0
DA:738,0
DA:768,0
DA:769,0
DA:790,0
DA:800,0
DA:816,0
DA:817,0
DA:827,0
DA:828,0
DA:830,0
DA:835,0
DA:885,0
LF:218
LH:0
BRDA:107,0,0,0
BRDA:107,0,1,0
BRDA:109,1,0,0
BRDA:109,1,1,0
BRDA:124,2,0,0
BRDA:124,2,1,0
BRDA:169,3,0,0
BRDA:169,3,1,0
BRDA:175,4,0,0
BRDA:175,4,1,0
BRDA:181,5,0,0
BRDA:181,5,1,0
BRDA:187,6,0,0
BRDA:187,6,1,0
BRDA:193,7,0,0
BRDA:193,7,1,0
BRDA:193,8,0,0
BRDA:193,8,1,0
BRDA:196,9,0,0
BRDA:196,9,1,0
BRDA:198,10,0,0
BRDA:198,10,1,0
BRDA:215,11,0,0
BRDA:215,11,1,0
BRDA:215,12,0,0
BRDA:215,12,1,0
BRDA:221,13,0,0
BRDA:221,13,1,0
BRDA:238,14,0,0
BRDA:238,14,1,0
BRDA:238,15,0,0
BRDA:238,15,1,0
BRDA:238,15,2,0
BRDA:247,16,0,0
BRDA:247,16,1,0
BRDA:250,17,0,0
BRDA:250,17,1,0
BRDA:259,18,0,0
BRDA:259,18,1,0
BRDA:284,19,0,0
BRDA:284,19,1,0
BRDA:306,20,0,0
BRDA:306,20,1,0
BRDA:331,21,0,0
BRDA:331,21,1,0
BRDA:342,22,0,0
BRDA:342,22,1,0
BRDA:367,23,0,0
BRDA:367,23,1,0
BRDA:370,24,0,0
BRDA:370,24,1,0
BRDA:372,25,0,0
BRDA:372,25,1,0
BRDA:398,26,0,0
BRDA:398,26,1,0
BRDA:404,27,0,0
BRDA:404,27,1,0
BRDA:407,28,0,0
BRDA:407,28,1,0
BRDA:424,29,0,0
BRDA:424,29,1,0
BRDA:427,30,0,0
BRDA:427,30,1,0
BRDA:432,31,0,0
BRDA:432,31,1,0
BRDA:435,32,0,0
BRDA:435,32,1,0
BRDA:441,33,0,0
BRDA:441,33,1,0
BRDA:459,34,0,0
BRDA:459,34,1,0
BRDA:461,35,0,0
BRDA:461,35,1,0
BRDA:559,36,0,0
BRDA:559,36,1,0
BRDA:576,37,0,0
BRDA:576,37,1,0
BRDA:579,38,0,0
BRDA:579,38,1,0
BRDA:584,39,0,0
BRDA:584,39,1,0
BRDA:587,40,0,0
BRDA:587,40,1,0
BRDA:601,41,0,0
BRDA:601,41,1,0
BRDA:607,42,0,0
BRDA:607,42,1,0
BRDA:631,43,0,0
BRDA:631,43,1,0
BRDA:633,44,0,0
BRDA:633,44,1,0
BRDA:648,45,0,0
BRDA:648,45,1,0
BRDA:659,46,0,0
BRDA:659,46,1,0
BRDA:672,47,0,0
BRDA:672,47,1,0
BRDA:683,48,0,0
BRDA:683,48,1,0
BRDA:693,49,0,0
BRDA:693,49,1,0
BRDA:714,50,0,0
BRDA:714,50,1,0
BRDA:720,51,0,0
BRDA:720,51,1,0
BRDA:727,52,0,0
BRDA:727,52,1,0
BRDA:736,53,0,0
BRDA:736,53,1,0
BRDA:742,54,0,0
BRDA:742,54,1,0
BRDA:749,55,0,0
BRDA:749,55,1,0
BRDA:757,56,0,0
BRDA:757,56,1,0
BRDA:783,57,0,0
BRDA:783,57,1,0
BRDA:783,57,2,0
BRDA:797,58,0,0
BRDA:797,58,1,0
BRDA:798,59,0,0
BRDA:798,59,1,0
BRDA:808,60,0,0
BRDA:808,60,1,0
BRDA:816,61,0,0
BRDA:816,61,1,0
BRDA:843,62,0,0
BRDA:843,62,1,0
BRDA:850,63,0,0
BRDA:850,63,1,0
BRDA:913,64,0,0
BRDA:913,64,1,0
BRDA:914,65,0,0
BRDA:914,65,1,0
BRDA:915,66,0,0
BRDA:915,66,1,0
BRF:136
BRH:0
end_of_record
TN:
SF:app\export.tsx
FN:30,ExportScreen
FN:48,(anonymous_1)
FN:54,(anonymous_2)
FN:56,(anonymous_3)
FN:72,(anonymous_4)
FN:80,(anonymous_5)
FN:100,(anonymous_6)
FN:114,(anonymous_7)
FN:126,(anonymous_8)
FN:156,(anonymous_9)
FN:180,(anonymous_10)
FN:243,(anonymous_11)
FNF:12
FNH:0
FNDA:0,ExportScreen
FNDA:0,(anonymous_1)
FNDA:0,(anonymous_2)
FNDA:0,(anonymous_3)
FNDA:0,(anonymous_4)
FNDA:0,(anonymous_5)
FNDA:0,(anonymous_6)
FNDA:0,(anonymous_7)
FNDA:0,(anonymous_8)
FNDA:0,(anonymous_9)
FNDA:0,(anonymous_10)
FNDA:0,(anonymous_11)
DA:22,0
DA:31,0
DA:36,0
DA:41,0
DA:46,0
DA:48,0
DA:49,0
DA:50,0
DA:54,0
DA:55,0
DA:56,0
DA:57,0
DA:58,0
DA:59,0
DA:60,0
DA:62,0
DA:65,0
DA:68,0
DA:72,0
DA:73,0
DA:74,0
DA:75,0
DA:76,0
DA:77,0
DA:80,0
DA:81,0
DA:82,0
DA:83,0
DA:84,0
DA:85,0
DA:86,0
DA:87,0
DA:90,0
DA:91,0
DA:94,0
DA:96,0
DA:100,0
DA:105,0
DA:106,0
DA:107,0
DA:108,0
DA:110,0
DA:114,0
DA:119,0
DA:120,0
DA:122,0
DA:126,0
DA:127,0
DA:128,0
DA:129,0
DA:136,0
DA:137,0
DA:144,0
DA:145,0
DA:149,0
DA:151,0
DA:152,0
DA:156,0
DA:157,0
DA:163,0
DA:164,0
DA:173,0
DA:174,0
DA:176,0
DA:180,0
DA:243,0
LF:66
LH:0
BRDA:31,0,0,0
BRDA:49,1,0,0
BRDA:49,1,1,0
BRDA:60,2,0,0
BRDA:60,2,1,0
BRDA:73,3,0,0
BRDA:73,3,1,0
BRDA:83,4,0,0
BRDA:83,4,1,0
BRDA:85,5,0,0
BRDA:85,5,1,0
BRDA:128,6,0,0
BRDA:128,6,1,0
BRDA:136,7,0,0
BRDA:136,7,1,0
BRDA:163,8,0,0
BRDA:163,8,1,0
BRDA:221,9,0,0
BRDA:221,9,1,0
BRF:19
BRH:0
end_of_record
TN:
SF:app\history.tsx
FN:26,HistoryScreen
FN:30,(anonymous_1)
FN:34,(anonymous_2)
FN:47,(anonymous_3)
FN:56,(anonymous_4)
FN:69,(anonymous_5)
FN:76,(anonymous_6)
FN:91,(anonymous_7)
FN:101,(anonymous_8)
FN:111,(anonymous_9)
FN:119,(anonymous_10)
FN:169,(anonymous_11)
FN:191,(anonymous_12)
FN:199,(anonymous_13)
FNF:14
FNH:0
FNDA:0,HistoryScreen
FNDA:0,(anonymous_1)
FNDA:0,(anonymous_2)
FNDA:0,(anonymous_3)
FNDA:0,(anonymous_4)
FNDA:0,(anonymous_5)
FNDA:0,(anonymous_6)
FNDA:0,(anonymous_7)
FNDA:0,(anonymous_8)
FNDA:0,(anonymous_9)
FNDA:0,(anonymous_10)
FNDA:0,(anonymous_11)
FNDA:0,(anonymous_12)
FNDA:0,(anonymous_13)
DA:27,0
DA:28,0
DA:30,0
DA:31,0
DA:34,0
DA:35,0
DA:36,0
DA:37,0
DA:38,0
DA:41,0
DA:43,0
DA:47,0
DA:48,0
DA:57,0
DA:58,0
DA:59,0
DA:61,0
DA:69,0
DA:70,0
DA:76,0
DA:77,0
DA:78,0
DA:79,0
DA:80,0
DA:81,0
DA:82,0
DA:84,0
DA:85,0
DA:86,0
DA:87,0
DA:88,0
DA:91,0
DA:92,0
DA:93,0
DA:94,0
DA:95,0
DA:96,0
DA:97,0
DA:101,0
DA:102,0
DA:103,0
DA:104,0
DA:105,0
DA:106,0
DA:107,0
DA:111,0
DA:112,0
DA:119,0
DA:155,0
DA:156,0
DA:165,0
DA:169,0
DA:191,0
DA:199,0
LF:54
LH:0
BRDA:37,0,0,0
BRDA:37,0,1,0
BRDA:84,1,0,0
BRDA:84,1,1,0
BRDA:85,2,0,0
BRDA:85,2,1,0
BRDA:86,3,0,0
BRDA:86,3,1,0
BRDA:87,4,0,0
BRDA:87,4,1,0
BRDA:92,5,0,0
BRDA:92,5,1,0
BRDA:92,5,2,0
BRDA:92,5,3,0
BRDA:92,5,4,0
BRDA:102,6,0,0
BRDA:102,6,1,0
BRDA:102,6,2,0
BRDA:102,6,3,0
BRDA:102,6,4,0
BRDA:155,7,0,0
BRDA:155,7,1,0
BRDA:173,8,0,0
BRDA:173,8,1,0
BRDA:180,9,0,0
BRDA:180,9,1,0
BRF:26
BRH:0
end_of_record
TN:
SF:app\index.tsx
FN:39,HomeScreen
FN:51,(anonymous_1)
FN:55,(anonymous_2)
FN:66,(anonymous_3)
FN:68,(anonymous_4)
FN:76,(anonymous_5)
FN:89,(anonymous_6)
FN:139,(anonymous_7)
FN:193,(anonymous_8)
FN:200,(anonymous_9)
FN:210,(anonymous_10)
FN:239,(anonymous_11)
FN:250,(anonymous_12)
FN:272,(anonymous_13)
FN:297,(anonymous_14)
FN:329,(anonymous_15)
FN:351,(anonymous_16)
FNF:17
FNH:0
FNDA:0,HomeScreen
FNDA:0,(anonymous_1)
FNDA:0,(anonymous_2)
FNDA:0,(anonymous_3)
FNDA:0,(anonymous_4)
FNDA:0,(anonymous_5)
FNDA:0,(anonymous_6)
FNDA:0,(anonymous_7)
FNDA:0,(anonymous_8)
FNDA:0,(anonymous_9)
FNDA:0,(anonymous_10)
FNDA:0,(anonymous_11)
FNDA:0,(anonymous_12)
FNDA:0,(anonymous_13)
FNDA:0,(anonymous_14)
FNDA:0,(anonymous_15)
FNDA:0,(anonymous_16)
DA:23,0
DA:33,0
DA:40,0
DA:41,0
DA:42,0
DA:44,0
DA:51,0
DA:52,0
DA:55,0
DA:56,0
DA:57,0
DA:58,0
DA:59,0
DA:62,0
DA:66,0
DA:67,0
DA:68,0
DA:69,0
DA:70,0
DA:72,0
DA:76,0
DA:77,0
DA:78,0
DA:79,0
DA:84,0
DA:86,0
DA:89,0
DA:90,0
DA:91,0
DA:93,0
DA:94,0
DA:95,0
DA:96,0
DA:97,0
DA:100,0
DA:107,0
DA:109,0
DA:110,0
DA:111,0
DA:113,0
DA:116,0
DA:123,0
DA:126,0
DA:132,0
DA:133,0
DA:135,0
DA:139,0
DA:140,0
DA:141,0
DA:143,0
DA:144,0
DA:145,0
DA:146,0
DA:151,0
DA:152,0
DA:155,0
DA:161,0
DA:163,0
DA:164,0
DA:165,0
DA:167,0
DA:170,0
DA:177,0
DA:180,0
DA:186,0
DA:187,0
DA:189,0
DA:193,0
DA:194,0
DA:200,0
DA:201,0
DA:210,0
DA:239,0
DA:240,0
DA:250,0
DA:271,0
DA:272,0
DA:275,0
DA:297,0
DA:329,0
DA:351,0
LF:81
LH:0
BRDA:58,0,0,0
BRDA:58,0,1,0
BRDA:78,1,0,0
BRDA:78,1,1,0
BRDA:95,2,0,0
BRDA:95,2,1,0
BRDA:109,3,0,0
BRDA:109,3,1,0
BRDA:109,4,0,0
BRDA:109,4,1,0
BRDA:109,4,2,0
BRDA:111,5,0,0
BRDA:111,5,1,0
BRDA:121,6,0,0
BRDA:121,6,1,0
BRDA:128,7,0,0
BRDA:128,7,1,0
BRDA:145,8,0,0
BRDA:145,8,1,0
BRDA:163,9,0,0
BRDA:163,9,1,0
BRDA:163,10,0,0
BRDA:163,10,1,0
BRDA:163,10,2,0
BRDA:271,11,0,0
BRDA:271,11,1,0
BRDA:271,12,0,0
BRDA:271,12,1,0
BRDA:302,13,0,0
BRDA:302,13,1,0
BRDA:321,14,0,0
BRDA:321,14,1,0
BRDA:340,15,0,0
BRDA:340,15,1,0
BRF:34
BRH:0
end_of_record
TN:
SF:components\Button.tsx
FN:36,Button
FNF:1
FNH:1
FNDA:4,Button
DA:13,1
DA:37,4
LF:2
LH:2
BRDA:36,0,0,3
BRDA:40,1,0,4
BRDA:40,1,1,1
BRF:3
BRH:3
end_of_record
TN:
SF:components\Icon.tsx
FN:12,Icon
FNF:1
FNH:0
FNDA:0,Icon
DA:13,0
DA:20,0
LF:2
LH:0
BRDA:12,0,0,0
BRDA:12,1,0,0
BRF:2
BRH:0
end_of_record
TN:
SF:components\SplashScreen.tsx
FN:13,SplashScreen
FN:19,(anonymous_1)
FN:57,(anonymous_2)
FNF:3
FNH:0
FNDA:0,SplashScreen
FNDA:0,(anonymous_1)
FNDA:0,(anonymous_2)
DA:7,0
DA:14,0
DA:15,0
DA:16,0
DA:17,0
DA:19,0
DA:20,0
DA:42,0
DA:57,0
DA:58,0
DA:61,0
DA:64,0
LF:12
LH:0
BRF:0
BRH:0
end_of_record
TN:
SF:utils\errorLogger.ts
FN:7,(anonymous_0)
FN:8,(anonymous_1)
FN:12,(anonymous_2)
FN:46,(anonymous_3)
FN:80,(anonymous_4)
FN:98,(anonymous_5)
FN:102,(anonymous_6)
FN:120,(anonymous_7)
FN:200,(anonymous_8)
FNF:9
FNH:0
FNDA:0,(anonymous_0)
FNDA:0,(anonymous_1)
FNDA:0,(anonymous_2)
FNDA:0,(anonymous_3)
FNDA:0,(anonymous_4)
FNDA:0,(anonymous_5)
FNDA:0,(anonymous_6)
FNDA:0,(anonymous_7)
FNDA:0,(anonymous_8)
DA:6,0
DA:7,0
DA:8,0
DA:12,0
DA:14,0
DA:17,0
DA:18,0
DA:22,0
DA:23,0
DA:25,0
DA:26,0
DA:27,0
DA:38,0
DA:41,0
DA:46,0
DA:47,0
DA:50,0
DA:63,0
DA:64,0
DA:65,0
DA:66,0
DA:71,0
DA:72,0
DA:73,0
DA:76,0
DA:80,0
DA:81,0
DA:82,0
DA:85,0
DA:86,0
DA:87,0
DA:88,0
DA:89,0
DA:90,0
DA:95,0
DA:98,0
DA:100,0
DA:102,0
DA:103,0
DA:104,0
DA:113,0
DA:114,0
DA:115,0
DA:118,0
DA:120,0
DA:121,0
DA:126,0
DA:127,0
DA:133,0
DA:134,0
DA:135,0
DA:191,0
DA:193,0
DA:196,0
DA:197,0
DA:198,0
DA:199,0
DA:200,0
DA:201,0
DA:202,0
LF:60
LH:0
BRDA:17,0,0,0
BRDA:17,0,1,0
BRDA:26,1,0,0
BRDA:26,1,1,0
BRDA:26,2,0,0
BRDA:26,2,1,0
BRDA:26,2,2,0
BRDA:33,3,0,0
BRDA:33,3,1,0
BRDA:47,4,0,0
BRDA:47,4,1,0
BRDA:65,5,0,0
BRDA:65,5,1,0
BRDA:72,6,0,0
BRDA:72,6,1,0
BRDA:81,7,0,0
BRDA:81,7,1,0
BRDA:87,8,0,0
BRDA:87,8,1,0
BRDA:87,9,0,0
BRDA:87,9,1,0
BRDA:87,9,2,0
BRDA:87,9,3,0
BRDA:89,10,0,0
BRDA:89,10,1,0
BRDA:100,11,0,0
BRDA:100,11,1,0
BRDA:103,12,0,0
BRDA:103,12,1,0
BRDA:109,13,0,0
BRDA:109,13,1,0
BRDA:118,14,0,0
BRDA:118,14,1,0
BRDA:191,15,0,0
BRDA:191,15,1,0
BRDA:191,16,0,0
BRDA:191,16,1,0
BRDA:193,17,0,0
BRDA:193,17,1,0
BRDA:196,18,0,0
BRDA:196,18,1,0
BRDA:196,19,0,0
BRDA:196,19,1,0
BRDA:198,20,0,0
BRDA:198,20,1,0
BRDA:201,21,0,0
BRDA:201,21,1,0
BRF:47
BRH:0
end_of_record
